#
# There is insufficient memory for the Java Runtime Environment to continue.
# Native memory allocation (malloc) failed to allocate 743696 bytes for Chunk::new
# Possible reasons:
#   The system is out of physical RAM or swap space
#   In 32 bit mode, the process size limit was hit
# Possible solutions:
#   Reduce memory load on the system
#   Increase physical memory or swap space
#   Check if swap backing store is full
#   Use 64 bit Java on a 64 bit OS
#   Decrease Java heap size (-Xmx/-Xms)
#   Decrease number of Java threads
#   Decrease Java thread stack sizes (-Xss)
#   Set larger code cache with -XX:ReservedCodeCacheSize=
# This output file may be truncated or incomplete.
#
#  Out of Memory Error (allocation.cpp:323), pid=6604, tid=7272
#
# JRE version: Java(TM) SE Runtime Environment (7.0_79-b15) (build 1.7.0_79-b15)
# Java VM: Java HotSpot(TM) 64-Bit Server VM (24.79-b02 mixed mode windows-amd64 compressed oops)
# Failed to write core dump. Minidumps are not enabled by default on client versions of Windows
#

---------------  T H R E A D  ---------------

Current thread (0x000000000816f000):  JavaThread "C2 CompilerThread0" daemon [_thread_in_native, id=7272, stack(0x0000000009700000,0x0000000009800000)]

Stack: [0x0000000009700000,0x0000000009800000]

Current CompileTask:
C2:   5815  606             com.android.dx.dex.file.DebugInfoEncoder::emitHeader (530 bytes)


---------------  P R O C E S S  ---------------

Java Threads: ( => current thread )
  0x000000000817f800 JavaThread "Service Thread" daemon [_thread_blocked, id=7820, stack(0x0000000009900000,0x0000000009a00000)]
  0x0000000008171000 JavaThread "C2 CompilerThread1" daemon [_thread_in_native, id=6028, stack(0x0000000009800000,0x0000000009900000)]
=>0x000000000816f000 JavaThread "C2 CompilerThread0" daemon [_thread_in_native, id=7272, stack(0x0000000009700000,0x0000000009800000)]
  0x000000000816e000 JavaThread "Attach Listener" daemon [_thread_blocked, id=7900, stack(0x0000000009600000,0x0000000009700000)]
  0x0000000008167800 JavaThread "Signal Dispatcher" daemon [_thread_blocked, id=8124, stack(0x0000000009500000,0x0000000009600000)]
  0x000000000812a000 JavaThread "Finalizer" daemon [_thread_blocked, id=4372, stack(0x00000000093e0000,0x00000000094e0000)]
  0x0000000008127000 JavaThread "Reference Handler" daemon [_thread_blocked, id=8, stack(0x00000000092e0000,0x00000000093e0000)]
  0x000000000209d800 JavaThread "main" [_thread_in_Java, id=1840, stack(0x00000000020d0000,0x00000000021d0000)]

Other Threads:
  0x0000000008122000 VMThread [stack: 0x00000000091e0000,0x00000000092e0000] [id=4296]
  0x000000000818d800 WatcherThread [stack: 0x0000000009a00000,0x0000000009b00000] [id=1124]

VM state:not at safepoint (normal execution)

VM Mutex/Monitor currently owned by a thread: None

Heap
 PSYoungGen      total 53760K, used 28477K [0x00000000eaa80000, 0x00000000f1380000, 0x0000000100000000)
  eden space 50176K, 49% used [0x00000000eaa80000,0x00000000ec2d75b8,0x00000000edb80000)
  from space 3584K, 99% used [0x00000000edb80000,0x00000000edef8048,0x00000000edf00000)
  to   space 3584K, 0% used [0x00000000f1000000,0x00000000f1000000,0x00000000f1380000)
 ParOldGen       total 64512K, used 12059K [0x00000000c0000000, 0x00000000c3f00000, 0x00000000eaa80000)
  object space 64512K, 18% used [0x00000000c0000000,0x00000000c0bc6f88,0x00000000c3f00000)
 PSPermGen       total 21504K, used 6251K [0x00000000bae00000, 0x00000000bc300000, 0x00000000c0000000)
  object space 21504K, 29% used [0x00000000bae00000,0x00000000bb41acd0,0x00000000bc300000)

Card table byte_map: [0x0000000005390000,0x00000000055c0000] byte_map_base: 0x0000000004db9000

Polling page: 0x00000000001f0000

Code Cache  [0x00000000022d0000, 0x0000000002540000, 0x00000000052d0000)
 total_blobs=841 nmethods=603 adapters=190 free_code_cache=46800Kb largest_free_block=47883392

Compilation events (10 events):
Event: 5.724 Thread 0x0000000008171000  605             com.android.dx.rop.type.StdTypeList::getWordCount (33 bytes)
Event: 5.726 Thread 0x0000000008171000 nmethod 605 0x000000000251ca50 code [0x000000000251cba0, 0x000000000251ccb8]
Event: 5.728 Thread 0x000000000816f000  606             com.android.dx.dex.file.DebugInfoEncoder::emitHeader (530 bytes)
Event: 5.735 Thread 0x0000000008171000  607             com.android.dex.Leb128::writeUnsignedLeb128 (46 bytes)
Event: 5.749 Thread 0x0000000008171000 nmethod 607 0x000000000251a5d0 code [0x000000000251a760, 0x000000000251ae78]
Event: 5.756 Thread 0x0000000008171000  608             com.android.dx.util.ByteArrayAnnotatedOutput::writeUleb128 (34 bytes)
Event: 5.759 Thread 0x0000000008171000 nmethod 608 0x000000000251a090 code [0x000000000251a1e0, 0x000000000251a468]
Event: 5.797 Thread 0x0000000008171000  609             com.android.dx.dex.file.StringDataItem::itemType (4 bytes)
Event: 5.797 Thread 0x0000000008171000 nmethod 609 0x0000000002519090 code [0x00000000025191c0, 0x0000000002519218]
Event: 5.797 Thread 0x0000000008171000  610 %           com.android.dx.dex.file.MapItem::addMap @ 92 (247 bytes)

GC Heap History (6 events):
Event: 1.873 GC heap before
{Heap before GC invocations=1 (full 0):
 PSYoungGen      total 28672K, used 25088K [0x00000000eaa80000, 0x00000000eca00000, 0x0000000100000000)
  eden space 25088K, 100% used [0x00000000eaa80000,0x00000000ec300000,0x00000000ec300000)
  from space 3584K, 0% used [0x00000000ec680000,0x00000000ec680000,0x00000000eca00000)
  to   space 3584K, 0% used [0x00000000ec300000,0x00000000ec300000,0x00000000ec680000)
 ParOldGen       total 64512K, used 0K [0x00000000c0000000, 0x00000000c3f00000, 0x00000000eaa80000)
  object space 64512K, 0% used [0x00000000c0000000,0x00000000c0000000,0x00000000c3f00000)
 PSPermGen       total 21504K, used 5719K [0x00000000bae00000, 0x00000000bc300000, 0x00000000c0000000)
  object space 21504K, 26% used [0x00000000bae00000,0x00000000bb395ed8,0x00000000bc300000)
Event: 1.915 GC heap after
Heap after GC invocations=1 (full 0):
 PSYoungGen      total 28672K, used 3559K [0x00000000eaa80000, 0x00000000ee280000, 0x0000000100000000)
  eden space 25088K, 0% used [0x00000000eaa80000,0x00000000eaa80000,0x00000000ec300000)
  from space 3584K, 99% used [0x00000000ec300000,0x00000000ec679c68,0x00000000ec680000)
  to   space 3584K, 0% used [0x00000000edf00000,0x00000000edf00000,0x00000000ee280000)
 ParOldGen       total 64512K, used 1219K [0x00000000c0000000, 0x00000000c3f00000, 0x00000000eaa80000)
  object space 64512K, 1% used [0x00000000c0000000,0x00000000c0130d78,0x00000000c3f00000)
 PSPermGen       total 21504K, used 5719K [0x00000000bae00000, 0x00000000bc300000, 0x00000000c0000000)
  object space 21504K, 26% used [0x00000000bae00000,0x00000000bb395ed8,0x00000000bc300000)
}
Event: 3.009 GC heap before
{Heap before GC invocations=2 (full 0):
 PSYoungGen      total 28672K, used 28647K [0x00000000eaa80000, 0x00000000ee280000, 0x0000000100000000)
  eden space 25088K, 100% used [0x00000000eaa80000,0x00000000ec300000,0x00000000ec300000)
  from space 3584K, 99% used [0x00000000ec300000,0x00000000ec679c68,0x00000000ec680000)
  to   space 3584K, 0% used [0x00000000edf00000,0x00000000edf00000,0x00000000ee280000)
 ParOldGen       total 64512K, used 1219K [0x00000000c0000000, 0x00000000c3f00000, 0x00000000eaa80000)
  object space 64512K, 1% used [0x00000000c0000000,0x00000000c0130d78,0x00000000c3f00000)
 PSPermGen       total 21504K, used 5916K [0x00000000bae00000, 0x00000000bc300000, 0x00000000c0000000)
  object space 21504K, 27% used [0x00000000bae00000,0x00000000bb3c7328,0x00000000bc300000)
Event: 3.032 GC heap after
Heap after GC invocations=2 (full 0):
 PSYoungGen      total 53760K, used 3562K [0x00000000eaa80000, 0x00000000ee280000, 0x0000000100000000)
  eden space 50176K, 0% used [0x00000000eaa80000,0x00000000eaa80000,0x00000000edb80000)
  from space 3584K, 99% used [0x00000000edf00000,0x00000000ee27aab8,0x00000000ee280000)
  to   space 3584K, 0% used [0x00000000edb80000,0x00000000edb80000,0x00000000edf00000)
 ParOldGen       total 64512K, used 4181K [0x00000000c0000000, 0x00000000c3f00000, 0x00000000eaa80000)
  object space 64512K, 6% used [0x00000000c0000000,0x00000000c0415538,0x00000000c3f00000)
 PSPermGen       total 21504K, used 5916K [0x00000000bae00000, 0x00000000bc300000, 0x00000000c0000000)
  object space 21504K, 27% used [0x00000000bae00000,0x00000000bb3c7328,0x00000000bc300000)
}
Event: 3.969 GC heap before
{Heap before GC invocations=3 (full 0):
 PSYoungGen      total 53760K, used 53738K [0x00000000eaa80000, 0x00000000ee280000, 0x0000000100000000)
  eden space 50176K, 100% used [0x00000000eaa80000,0x00000000edb80000,0x00000000edb80000)
  from space 3584K, 99% used [0x00000000edf00000,0x00000000ee27aab8,0x00000000ee280000)
  to   space 3584K, 0% used [0x00000000edb80000,0x00000000edb80000,0x00000000edf00000)
 ParOldGen       total 64512K, used 4181K [0x00000000c0000000, 0x00000000c3f00000, 0x00000000eaa80000)
  object space 64512K, 6% used [0x00000000c0000000,0x00000000c0415538,0x00000000c3f00000)
 PSPermGen       total 21504K, used 5987K [0x00000000bae00000, 0x00000000bc300000, 0x00000000c0000000)
  object space 21504K, 27% used [0x00000000bae00000,0x00000000bb3d8da0,0x00000000bc300000)
Event: 3.987 GC heap after
Heap after GC invocations=3 (full 0):
 PSYoungGen      total 53760K, used 3552K [0x00000000eaa80000, 0x00000000f1380000, 0x0000000100000000)
  eden space 50176K, 0% used [0x00000000eaa80000,0x00000000eaa80000,0x00000000edb80000)
  from space 3584K, 99% used [0x00000000edb80000,0x00000000edef8048,0x00000000edf00000)
  to   space 3584K, 0% used [0x00000000f1000000,0x00000000f1000000,0x00000000f1380000)
 ParOldGen       total 64512K, used 12059K [0x00000000c0000000, 0x00000000c3f00000, 0x00000000eaa80000)
  object space 64512K, 18% used [0x00000000c0000000,0x00000000c0bc6f88,0x00000000c3f00000)
 PSPermGen       total 21504K, used 5987K [0x00000000bae00000, 0x00000000bc300000, 0x00000000c0000000)
  object space 21504K, 27% used [0x00000000bae00000,0x00000000bb3d8da0,0x00000000bc300000)
}

Deoptimization events (10 events):
Event: 3.610 Thread 0x0000000009b89800 Uncommon trap: reason=unreached action=reinterpret pc=0x00000000023a78a8 method=com.android.dx.ssa.SCCP.simulateBranch(Lcom/android/dx/ssa/SsaInsn;)V @ 132
Event: 3.611 Thread 0x0000000009b89800 Uncommon trap: reason=unloaded action=reinterpret pc=0x0000000002403bd8 method=com.android.dx.ssa.LiteralOpUpgrader$1.visitNonMoveInsn(Lcom/android/dx/ssa/NormalSsaInsn;)V @ 72
Event: 3.761 Thread 0x0000000009d82000 Uncommon trap: reason=null_check action=make_not_entrant pc=0x000000000244b9c4 method=com.android.dx.dex.file.MethodIdsSection.intern(Lcom/android/dx/rop/cst/CstBaseMethodRef;)Lcom/android/dx/dex/file/MethodIdItem; @ 26
Event: 3.761 Thread 0x0000000009d5d000 Uncommon trap: reason=null_check action=make_not_entrant pc=0x000000000244b9c4 method=com.android.dx.dex.file.MethodIdsSection.intern(Lcom/android/dx/rop/cst/CstBaseMethodRef;)Lcom/android/dx/dex/file/MethodIdItem; @ 26
Event: 4.184 Thread 0x000000000209d800 Uncommon trap: reason=class_check action=maybe_recompile pc=0x0000000002383474 method=java.util.HashMap.put(Ljava/lang/Object;Ljava/lang/Object;)Ljava/lang/Object; @ 83
Event: 4.184 Thread 0x000000000209d800 Uncommon trap: reason=class_check action=maybe_recompile pc=0x0000000002383474 method=java.util.HashMap.put(Ljava/lang/Object;Ljava/lang/Object;)Ljava/lang/Object; @ 83
Event: 4.184 Thread 0x000000000209d800 Uncommon trap: reason=class_check action=maybe_recompile pc=0x0000000002383474 method=java.util.HashMap.put(Ljava/lang/Object;Ljava/lang/Object;)Ljava/lang/Object; @ 83
Event: 5.485 Thread 0x000000000209d800 Uncommon trap: reason=unreached action=reinterpret pc=0x0000000002395fbc method=com.android.dx.dex.code.LocalList$MakeState.filterSpec(Lcom/android/dx/rop/code/RegisterSpec;)Lcom/android/dx/rop/code/RegisterSpec; @ 11
Event: 5.486 Thread 0x000000000209d800 Uncommon trap: reason=class_check action=maybe_recompile pc=0x00000000024ee3bc method=com.android.dx.dex.code.OutputFinisher.calculateReservedCount([Lcom/android/dx/dex/code/Dop;)I @ 72
Event: 5.486 Thread 0x000000000209d800 Uncommon trap: reason=class_check action=maybe_recompile pc=0x00000000024ee3bc method=com.android.dx.dex.code.OutputFinisher.calculateReservedCount([Lcom/android/dx/dex/code/Dop;)I @ 72

Internal exceptions (10 events):
Event: 5.303 Thread 0x000000000209d800 Threw 0x00000000ebc9e198 at C:\re\jdk7u79\2331\hotspot\src\share\vm\prims\jvm.cpp:1304
Event: 5.304 Thread 0x000000000209d800 Threw 0x00000000ebca12a0 at C:\re\jdk7u79\2331\hotspot\src\share\vm\prims\jvm.cpp:1304
Event: 5.304 Thread 0x000000000209d800 Threw 0x00000000ebca40a0 at C:\re\jdk7u79\2331\hotspot\src\share\vm\prims\jvm.cpp:1304
Event: 5.336 Thread 0x000000000209d800 Threw 0x00000000ebccd708 at C:\re\jdk7u79\2331\hotspot\src\share\vm\prims\jvm.cpp:1304
Event: 5.627 Thread 0x000000000209d800 Threw 0x00000000ebf65ba0 at C:\re\jdk7u79\2331\hotspot\src\share\vm\prims\jvm.cpp:1304
Event: 5.629 Thread 0x000000000209d800 Threw 0x00000000ebf714e8 at C:\re\jdk7u79\2331\hotspot\src\share\vm\prims\jvm.cpp:1304
Event: 5.629 Thread 0x000000000209d800 Threw 0x00000000ebf73e28 at C:\re\jdk7u79\2331\hotspot\src\share\vm\prims\jvm.cpp:1304
Event: 5.749 Thread 0x000000000209d800 Threw 0x00000000ec1d3918 at C:\re\jdk7u79\2331\hotspot\src\share\vm\prims\jvm.cpp:1304
Event: 5.792 Thread 0x000000000209d800 Threw 0x00000000ec2894c8 at C:\re\jdk7u79\2331\hotspot\src\share\vm\prims\jvm.cpp:1304
Event: 5.798 Thread 0x000000000209d800 Threw 0x00000000ec28f428 at C:\re\jdk7u79\2331\hotspot\src\share\vm\prims\jvm.cpp:1304

Events (10 events):
Event: 5.629 loading class 0x0000000009d855f0
Event: 5.629 loading class 0x0000000009d855f0 done
Event: 5.629 loading class 0x0000000009d85c70
Event: 5.629 loading class 0x0000000009d85c70 done
Event: 5.749 loading class 0x0000000009e31f80
Event: 5.749 loading class 0x0000000009e31f80 done
Event: 5.792 loading class 0x0000000009bfbfc0
Event: 5.792 loading class 0x0000000009bfbfc0 done
Event: 5.798 loading class 0x0000000009bf92c0
Event: 5.798 loading class 0x0000000009bf92c0 done


Dynamic libraries:
0x00007ff7172d0000 - 0x00007ff717303000 	C:\Program Files\Java\jdk1.7.0_79\bin\java.exe
0x00007ffa88310000 - 0x00007ffa884d1000 	C:\WINDOWS\SYSTEM32\ntdll.dll
0x00007ffa88110000 - 0x00007ffa881bd000 	C:\WINDOWS\system32\KERNEL32.DLL
0x00007ffa851c0000 - 0x00007ffa853a8000 	C:\WINDOWS\system32\KERNELBASE.dll
0x00007ffa88060000 - 0x00007ffa88107000 	C:\WINDOWS\system32\ADVAPI32.dll
0x00007ffa86030000 - 0x00007ffa860cd000 	C:\WINDOWS\system32\msvcrt.dll
0x00007ffa85a10000 - 0x00007ffa85a6b000 	C:\WINDOWS\system32\sechost.dll
0x00007ffa87e20000 - 0x00007ffa87f3c000 	C:\WINDOWS\system32\RPCRT4.dll
0x00007ffa85b40000 - 0x00007ffa85c96000 	C:\WINDOWS\system32\USER32.dll
0x00007ffa86720000 - 0x00007ffa868a6000 	C:\WINDOWS\system32\GDI32.dll
0x00007ffa76e00000 - 0x00007ffa77074000 	C:\WINDOWS\WinSxS\amd64_microsoft.windows.common-controls_6595b64144ccf1df_6.0.10586.0_none_8c15ae12515e1c22\COMCTL32.dll
0x00007ffa85db0000 - 0x00007ffa8602d000 	C:\WINDOWS\system32\combase.dll
0x00007ffa84aa0000 - 0x00007ffa84b0a000 	C:\WINDOWS\system32\bcryptPrimitives.dll
0x00007ffa88020000 - 0x00007ffa8805b000 	C:\WINDOWS\system32\IMM32.DLL
0x0000000056d20000 - 0x0000000056df2000 	C:\Program Files\Java\jdk1.7.0_79\jre\bin\msvcr100.dll
0x0000000056540000 - 0x0000000056d15000 	C:\Program Files\Java\jdk1.7.0_79\jre\bin\server\jvm.dll
0x00007ffa88010000 - 0x00007ffa88018000 	C:\WINDOWS\system32\PSAPI.DLL
0x00007ffa7d910000 - 0x00007ffa7d919000 	C:\WINDOWS\SYSTEM32\WSOCK32.dll
0x00007ffa866b0000 - 0x00007ffa8671b000 	C:\WINDOWS\system32\WS2_32.dll
0x00007ffa820d0000 - 0x00007ffa820f3000 	C:\WINDOWS\SYSTEM32\WINMM.dll
0x00007ffa82070000 - 0x00007ffa8209c000 	C:\WINDOWS\SYSTEM32\WINMMBASE.dll
0x00007ffa849c0000 - 0x00007ffa84a03000 	C:\WINDOWS\system32\cfgmgr32.dll
0x0000000056530000 - 0x000000005653f000 	C:\Program Files\Java\jdk1.7.0_79\jre\bin\verify.dll
0x0000000056500000 - 0x0000000056528000 	C:\Program Files\Java\jdk1.7.0_79\jre\bin\java.dll
0x00000000564e0000 - 0x00000000564f5000 	C:\Program Files\Java\jdk1.7.0_79\jre\bin\zip.dll
0x00000000564c0000 - 0x00000000564da000 	C:\Program Files\Java\jdk1.7.0_79\jre\bin\net.dll
0x00007ffa84200000 - 0x00007ffa8425c000 	C:\WINDOWS\system32\mswsock.dll
0x00000000564a0000 - 0x00000000564b1000 	C:\Program Files\Java\jdk1.7.0_79\jre\bin\nio.dll

VM Arguments:
jvm_args: -Djava.awt.headless=true -Xmx1024M -Dfile.encoding=windows-1258 -Duser.country=US -Duser.language=en -Duser.variant 
java_command: com.android.dx.command.Main --dex --num-threads=4 --output E:\AndroidStudioProjects\DiaLog\app\build\intermediates\pre-dexed\debug\internal_impl-23.2.0_66b8e6d9ad7a6d452a722c65442cb2abd62ba28f.jar E:\AndroidStudioProjects\DiaLog\app\build\intermediates\exploded-aar\com.android.support\support-v4\23.2.0\jars\libs\internal_impl-23.2.0.jar
Launcher Type: SUN_STANDARD

Environment Variables:
JAVA_HOME=C:\Program Files\Java\jdk1.8.0_25
PATH=C:\ProgramData\Oracle\Java\javapath;C:\WINDOWS\system32;C:\WINDOWS;C:\WINDOWS\System32\Wbem;C:\WINDOWS\System32\WindowsPowerShell\v1.0\;C:\Program Files (x86)\ATI Technologies\ATI.ACE\Core-Static;C:\Program Files\Java\jdk1.8.0_25\bin;.;C:\Program Files\Microsoft SQL Server\120\DTS\Binn\;C:\Program Files\Microsoft SQL Server\Client SDK\ODBC\110\Tools\Binn\;C:\Program Files (x86)\Microsoft SQL Server\120\Tools\Binn\;C:\Program Files\Microsoft SQL Server\120\Tools\Binn\;C:\Program Files (x86)\Microsoft SQL Server\120\Tools\Binn\ManagementStudio\;C:\Program Files (x86)\Microsoft SQL Server\120\DTS\Binn\;C:\Program Files (x86)\Windows Kits\8.1\Windows Performance Toolkit\;C:\Program Files\Microsoft SQL Server\110\Tools\Binn\
USERNAME=hientran
OS=Windows_NT
PROCESSOR_IDENTIFIER=Intel64 Family 6 Model 42 Stepping 7, GenuineIntel



---------------  S Y S T E M  ---------------

OS: Windows 8.1 , 64 bit Build 9600 

CPU:total 4 (2 cores per cpu, 2 threads per core) family 6 model 42 stepping 7, cmov, cx8, fxsr, mmx, sse, sse2, sse3, ssse3, sse4.1, sse4.2, popcnt, avx, aes, ht, tsc, tscinvbit

Memory: 4k page, physical 6197124k(1006856k free), swap 7626628k(5872k free)

vm_info: Java HotSpot(TM) 64-Bit Server VM (24.79-b02) for windows-amd64 JRE (1.7.0_79-b15), built on Apr 10 2015 12:36:16 by "java_re" with unknown MS VC++:1600

time: Fri Mar 18 19:39:02 2016
elapsed time: 5 seconds

