#
# There is insufficient memory for the Java Runtime Environment to continue.
# Native memory allocation (malloc) failed to allocate 131088 bytes for Chunk::new
# Possible reasons:
#   The system is out of physical RAM or swap space
#   In 32 bit mode, the process size limit was hit
# Possible solutions:
#   Reduce memory load on the system
#   Increase physical memory or swap space
#   Check if swap backing store is full
#   Use 64 bit Java on a 64 bit OS
#   Decrease Java heap size (-Xmx/-Xms)
#   Decrease number of Java threads
#   Decrease Java thread stack sizes (-Xss)
#   Set larger code cache with -XX:ReservedCodeCacheSize=
# This output file may be truncated or incomplete.
#
#  Out of Memory Error (allocation.cpp:323), pid=4692, tid=2676
#
# JRE version: Java(TM) SE Runtime Environment (7.0_79-b15) (build 1.7.0_79-b15)
# Java VM: Java HotSpot(TM) 64-Bit Server VM (24.79-b02 mixed mode windows-amd64 compressed oops)
# Failed to write core dump. Minidumps are not enabled by default on client versions of Windows
#

---------------  T H R E A D  ---------------

Current thread (0x00000000080bf000):  JavaThread "C2 CompilerThread0" daemon [_thread_in_native, id=2676, stack(0x0000000009620000,0x0000000009720000)]

Stack: [0x0000000009620000,0x0000000009720000]

Current CompileTask:
C2:   3520  253   !         com.android.dx.cf.code.Ropper::processBlock (1101 bytes)


---------------  P R O C E S S  ---------------

Java Threads: ( => current thread )
  0x0000000009c96000 JavaThread "pool-1-thread-4" [_thread_in_Java, id=164, stack(0x000000000a220000,0x000000000a320000)]
  0x0000000009b8a000 JavaThread "pool-1-thread-3" [_thread_blocked, id=7456, stack(0x000000000a120000,0x000000000a220000)]
  0x0000000009b89000 JavaThread "pool-1-thread-2" [_thread_in_Java, id=216, stack(0x000000000a020000,0x000000000a120000)]
  0x0000000009b88800 JavaThread "pool-2-thread-1" [_thread_blocked, id=1124, stack(0x0000000009f20000,0x000000000a020000)]
  0x0000000009ab6800 JavaThread "pool-1-thread-1" [_thread_in_Java, id=7836, stack(0x0000000009e20000,0x0000000009f20000)]
  0x00000000080cf000 JavaThread "Service Thread" daemon [_thread_blocked, id=5848, stack(0x0000000009820000,0x0000000009920000)]
  0x00000000080cc800 JavaThread "C2 CompilerThread1" daemon [_thread_in_native, id=8088, stack(0x0000000009720000,0x0000000009820000)]
=>0x00000000080bf000 JavaThread "C2 CompilerThread0" daemon [_thread_in_native, id=2676, stack(0x0000000009620000,0x0000000009720000)]
  0x00000000080be000 JavaThread "Attach Listener" daemon [_thread_blocked, id=5316, stack(0x0000000009520000,0x0000000009620000)]
  0x00000000080bb000 JavaThread "Signal Dispatcher" daemon [_thread_blocked, id=1408, stack(0x0000000009420000,0x0000000009520000)]
  0x000000000807a000 JavaThread "Finalizer" daemon [_thread_blocked, id=7064, stack(0x0000000009320000,0x0000000009420000)]
  0x0000000008077000 JavaThread "Reference Handler" daemon [_thread_blocked, id=5652, stack(0x0000000009220000,0x0000000009320000)]
  0x0000000001ffd800 JavaThread "main" [_thread_in_Java, id=3196, stack(0x00000000020e0000,0x00000000021e0000)]

Other Threads:
  0x0000000008072000 VMThread [stack: 0x0000000009120000,0x0000000009220000] [id=184]
  0x00000000080dd000 WatcherThread [stack: 0x0000000009920000,0x0000000009a20000] [id=2364]

VM state:not at safepoint (normal execution)

VM Mutex/Monitor currently owned by a thread: None

Heap
 PSYoungGen      total 28672K, used 27153K [0x00000000eaa80000, 0x00000000eca00000, 0x0000000100000000)
  eden space 25088K, 94% used [0x00000000eaa80000,0x00000000ec190d78,0x00000000ec300000)
  from space 3584K, 98% used [0x00000000ec300000,0x00000000ec6739a8,0x00000000ec680000)
  to   space 3584K, 0% used [0x00000000ec680000,0x00000000ec680000,0x00000000eca00000)
 ParOldGen       total 64512K, used 0K [0x00000000c0000000, 0x00000000c3f00000, 0x00000000eaa80000)
  object space 64512K, 0% used [0x00000000c0000000,0x00000000c0000000,0x00000000c3f00000)
 PSPermGen       total 21504K, used 5904K [0x00000000bae00000, 0x00000000bc300000, 0x00000000c0000000)
  object space 21504K, 27% used [0x00000000bae00000,0x00000000bb3c4098,0x00000000bc300000)

Card table byte_map: [0x00000000052e0000,0x0000000005510000] byte_map_base: 0x0000000004d09000

Polling page: 0x00000000001f0000

Code Cache  [0x00000000022e0000, 0x0000000002550000, 0x00000000052e0000)
 total_blobs=491 nmethods=252 adapters=189 free_code_cache=48173Kb largest_free_block=49308800

Compilation events (10 events):
Event: 3.453 Thread 0x00000000080bf000 nmethod 248 0x00000000023c2890 code [0x00000000023c29c0, 0x00000000023c2b18]
Event: 3.453 Thread 0x00000000080bf000  249             com.android.dx.util.BitIntSet::<init> (13 bytes)
Event: 3.454 Thread 0x00000000080bf000 nmethod 249 0x00000000023bae50 code [0x00000000023bafa0, 0x00000000023bb0b8]
Event: 3.454 Thread 0x00000000080bf000  250             com.android.dx.ssa.SsaBasicBlock::forEachPhiInsn (54 bytes)
Event: 3.462 Thread 0x00000000080bf000 nmethod 250 0x00000000023ba390 code [0x00000000023ba520, 0x00000000023ba8e8]
Event: 3.462 Thread 0x00000000080bf000  251             com.android.dx.rop.code.CstInsn::getConstant (5 bytes)
Event: 3.462 Thread 0x00000000080bf000 nmethod 251 0x00000000023ba190 code [0x00000000023ba2c0, 0x00000000023ba318]
Event: 3.462 Thread 0x00000000080bf000  252   !         com.android.dx.rop.code.LocalVariableInfo::getStarts0 (18 bytes)
Event: 3.463 Thread 0x00000000080bf000 nmethod 252 0x00000000023caa90 code [0x00000000023cabc0, 0x00000000023cac58]
Event: 3.463 Thread 0x00000000080bf000  253   !         com.android.dx.cf.code.Ropper::processBlock (1101 bytes)

GC Heap History (2 events):
Event: 1.611 GC heap before
{Heap before GC invocations=1 (full 0):
 PSYoungGen      total 28672K, used 25088K [0x00000000eaa80000, 0x00000000eca00000, 0x0000000100000000)
  eden space 25088K, 100% used [0x00000000eaa80000,0x00000000ec300000,0x00000000ec300000)
  from space 3584K, 0% used [0x00000000ec680000,0x00000000ec680000,0x00000000eca00000)
  to   space 3584K, 0% used [0x00000000ec300000,0x00000000ec300000,0x00000000ec680000)
 ParOldGen       total 64512K, used 0K [0x00000000c0000000, 0x00000000c3f00000, 0x00000000eaa80000)
  object space 64512K, 0% used [0x00000000c0000000,0x00000000c0000000,0x00000000c3f00000)
 PSPermGen       total 21504K, used 5652K [0x00000000bae00000, 0x00000000bc300000, 0x00000000c0000000)
  object space 21504K, 26% used [0x00000000bae00000,0x00000000bb385108,0x00000000bc300000)
Event: 1.745 GC heap after
Heap after GC invocations=1 (full 0):
 PSYoungGen      total 28672K, used 3534K [0x00000000eaa80000, 0x00000000eca00000, 0x0000000100000000)
  eden space 25088K, 0% used [0x00000000eaa80000,0x00000000eaa80000,0x00000000ec300000)
  from space 3584K, 98% used [0x00000000ec300000,0x00000000ec6739a8,0x00000000ec680000)
  to   space 3584K, 0% used [0x00000000ec680000,0x00000000ec680000,0x00000000eca00000)
 ParOldGen       total 64512K, used 0K [0x00000000c0000000, 0x00000000c3f00000, 0x00000000eaa80000)
  object space 64512K, 0% used [0x00000000c0000000,0x00000000c0000000,0x00000000c3f00000)
 PSPermGen       total 21504K, used 5652K [0x00000000bae00000, 0x00000000bc300000, 0x00000000c0000000)
  object space 21504K, 26% used [0x00000000bae00000,0x00000000bb385108,0x00000000bc300000)
}

Deoptimization events (4 events):
Event: 1.804 Thread 0x0000000009b89000 Uncommon trap: reason=class_check action=maybe_recompile pc=0x00000000023594b4 method=com.android.dx.ssa.NormalSsaInsn.accept(Lcom/android/dx/ssa/SsaInsn$Visitor;)V @ 9
Event: 1.925 Thread 0x0000000001ffd800 Uncommon trap: reason=null_check action=make_not_entrant pc=0x0000000002366820 method=com.android.dx.rop.code.LocalItem.equals(Ljava/lang/Object;)Z @ 1
Event: 3.013 Thread 0x0000000001ffd800 Uncommon trap: reason=null_check action=make_not_entrant pc=0x00000000023ad2e4 method=com.android.dx.rop.type.Type.putIntern(Lcom/android/dx/rop/type/Type;)Lcom/android/dx/rop/type/Type; @ 18
Event: 3.413 Thread 0x0000000001ffd800 Uncommon trap: reason=null_check action=make_not_entrant pc=0x00000000023a0ae8 method=com.android.dx.ssa.SsaRenamer.getLocalForNewReg(I)Lcom/android/dx/rop/code/LocalItem; @ 19

Internal exceptions (10 events):
Event: 1.478 Thread 0x0000000009ab6800 Threw 0x00000000ec08ac68 at C:\re\jdk7u79\2331\hotspot\src\share\vm\prims\jvm.cpp:1304
Event: 1.479 Thread 0x0000000009ab6800 Threw 0x00000000ec08ff30 at C:\re\jdk7u79\2331\hotspot\src\share\vm\prims\jvm.cpp:1304
Event: 1.749 Thread 0x0000000001ffd800 Threw 0x00000000eaa978c0 at C:\re\jdk7u79\2331\hotspot\src\share\vm\prims\jvm.cpp:1304
Event: 1.750 Thread 0x0000000001ffd800 Threw 0x00000000eaa99a30 at C:\re\jdk7u79\2331\hotspot\src\share\vm\prims\jvm.cpp:1304
Event: 1.751 Thread 0x0000000009c96000 Threw 0x00000000eac3e138 at C:\re\jdk7u79\2331\hotspot\src\share\vm\prims\jvm.cpp:1304
Event: 1.925 Thread 0x0000000001ffd800 Implicit null exception at 0x00000000023664e3 to 0x000000000236680d
Event: 1.980 Thread 0x0000000001ffd800 Threw 0x00000000eae37210 at C:\re\jdk7u79\2331\hotspot\src\share\vm\prims\jvm.cpp:1304
Event: 2.913 Thread 0x0000000009ab6800 Threw 0x00000000eb6e2570 at C:\re\jdk7u79\2331\hotspot\src\share\vm\prims\jvm.cpp:1304
Event: 3.013 Thread 0x0000000001ffd800 Implicit null exception at 0x00000000023acbeb to 0x00000000023ad2d5
Event: 3.413 Thread 0x0000000001ffd800 Implicit null exception at 0x000000000239f704 to 0x00000000023a0ab9

Events (10 events):
Event: 2.921 loading class 0x000000000225a170
Event: 2.921 loading class 0x000000000225a170 done
Event: 2.921 loading class 0x000000000225a140
Event: 2.922 loading class 0x000000000225a140 done
Event: 3.013 Thread 0x0000000001ffd800 Uncommon trap: trap_request=0xfffffff4 fr.pc=0x00000000023ad2e4
Event: 3.013 Thread 0x0000000001ffd800 DEOPT PACKING pc=0x00000000023ad2e4 sp=0x00000000021de9f0
Event: 3.013 Thread 0x0000000001ffd800 DEOPT UNPACKING pc=0x00000000023175a4 sp=0x00000000021de910 mode 2
Event: 3.413 Thread 0x0000000001ffd800 Uncommon trap: trap_request=0xfffffff4 fr.pc=0x00000000023a0ae8
Event: 3.413 Thread 0x0000000001ffd800 DEOPT PACKING pc=0x00000000023a0ae8 sp=0x00000000021de580
Event: 3.413 Thread 0x0000000001ffd800 DEOPT UNPACKING pc=0x00000000023175a4 sp=0x00000000021de318 mode 2


Dynamic libraries:
0x00007ff7172d0000 - 0x00007ff717303000 	C:\Program Files\Java\jdk1.7.0_79\bin\java.exe
0x00007ffa88310000 - 0x00007ffa884d1000 	C:\WINDOWS\SYSTEM32\ntdll.dll
0x00007ffa88110000 - 0x00007ffa881bd000 	C:\WINDOWS\system32\KERNEL32.DLL
0x00007ffa851c0000 - 0x00007ffa853a8000 	C:\WINDOWS\system32\KERNELBASE.dll
0x00007ffa88060000 - 0x00007ffa88107000 	C:\WINDOWS\system32\ADVAPI32.dll
0x00007ffa86030000 - 0x00007ffa860cd000 	C:\WINDOWS\system32\msvcrt.dll
0x00007ffa85a10000 - 0x00007ffa85a6b000 	C:\WINDOWS\system32\sechost.dll
0x00007ffa87e20000 - 0x00007ffa87f3c000 	C:\WINDOWS\system32\RPCRT4.dll
0x00007ffa85b40000 - 0x00007ffa85c96000 	C:\WINDOWS\system32\USER32.dll
0x00007ffa86720000 - 0x00007ffa868a6000 	C:\WINDOWS\system32\GDI32.dll
0x00007ffa76e00000 - 0x00007ffa77074000 	C:\WINDOWS\WinSxS\amd64_microsoft.windows.common-controls_6595b64144ccf1df_6.0.10586.0_none_8c15ae12515e1c22\COMCTL32.dll
0x00007ffa85db0000 - 0x00007ffa8602d000 	C:\WINDOWS\system32\combase.dll
0x00007ffa84aa0000 - 0x00007ffa84b0a000 	C:\WINDOWS\system32\bcryptPrimitives.dll
0x00007ffa88020000 - 0x00007ffa8805b000 	C:\WINDOWS\system32\IMM32.DLL
0x0000000056d20000 - 0x0000000056df2000 	C:\Program Files\Java\jdk1.7.0_79\jre\bin\msvcr100.dll
0x0000000056540000 - 0x0000000056d15000 	C:\Program Files\Java\jdk1.7.0_79\jre\bin\server\jvm.dll
0x00007ffa88010000 - 0x00007ffa88018000 	C:\WINDOWS\system32\PSAPI.DLL
0x00007ffa7d910000 - 0x00007ffa7d919000 	C:\WINDOWS\SYSTEM32\WSOCK32.dll
0x00007ffa866b0000 - 0x00007ffa8671b000 	C:\WINDOWS\system32\WS2_32.dll
0x00007ffa820d0000 - 0x00007ffa820f3000 	C:\WINDOWS\SYSTEM32\WINMM.dll
0x00007ffa82070000 - 0x00007ffa8209c000 	C:\WINDOWS\SYSTEM32\WINMMBASE.dll
0x00007ffa849c0000 - 0x00007ffa84a03000 	C:\WINDOWS\system32\cfgmgr32.dll
0x0000000056530000 - 0x000000005653f000 	C:\Program Files\Java\jdk1.7.0_79\jre\bin\verify.dll
0x0000000056500000 - 0x0000000056528000 	C:\Program Files\Java\jdk1.7.0_79\jre\bin\java.dll
0x00000000564e0000 - 0x00000000564f5000 	C:\Program Files\Java\jdk1.7.0_79\jre\bin\zip.dll
0x00000000564c0000 - 0x00000000564da000 	C:\Program Files\Java\jdk1.7.0_79\jre\bin\net.dll
0x00007ffa84200000 - 0x00007ffa8425c000 	C:\WINDOWS\system32\mswsock.dll
0x00000000564a0000 - 0x00000000564b1000 	C:\Program Files\Java\jdk1.7.0_79\jre\bin\nio.dll

VM Arguments:
jvm_args: -Djava.awt.headless=true -Xmx1024M -Dfile.encoding=windows-1258 -Duser.country=US -Duser.language=en -Duser.variant 
java_command: com.android.dx.command.Main --dex --num-threads=4 --output E:\AndroidStudioProjects\DiaLog\app\build\intermediates\pre-dexed\debug\com.android.support-support-v4-23.2.0_659519c1f864b8e45a243de30510c1c6ab81c7a3.jar E:\AndroidStudioProjects\DiaLog\app\build\intermediates\exploded-aar\com.android.support\support-v4\23.2.0\jars\classes.jar
Launcher Type: SUN_STANDARD

Environment Variables:
JAVA_HOME=C:\Program Files\Java\jdk1.8.0_25
PATH=C:\ProgramData\Oracle\Java\javapath;C:\WINDOWS\system32;C:\WINDOWS;C:\WINDOWS\System32\Wbem;C:\WINDOWS\System32\WindowsPowerShell\v1.0\;C:\Program Files (x86)\ATI Technologies\ATI.ACE\Core-Static;C:\Program Files\Java\jdk1.8.0_25\bin;.;C:\Program Files\Microsoft SQL Server\120\DTS\Binn\;C:\Program Files\Microsoft SQL Server\Client SDK\ODBC\110\Tools\Binn\;C:\Program Files (x86)\Microsoft SQL Server\120\Tools\Binn\;C:\Program Files\Microsoft SQL Server\120\Tools\Binn\;C:\Program Files (x86)\Microsoft SQL Server\120\Tools\Binn\ManagementStudio\;C:\Program Files (x86)\Microsoft SQL Server\120\DTS\Binn\;C:\Program Files (x86)\Windows Kits\8.1\Windows Performance Toolkit\;C:\Program Files\Microsoft SQL Server\110\Tools\Binn\
USERNAME=hientran
OS=Windows_NT
PROCESSOR_IDENTIFIER=Intel64 Family 6 Model 42 Stepping 7, GenuineIntel



---------------  S Y S T E M  ---------------

OS: Windows 8.1 , 64 bit Build 9600 

CPU:total 4 (2 cores per cpu, 2 threads per core) family 6 model 42 stepping 7, cmov, cx8, fxsr, mmx, sse, sse2, sse3, ssse3, sse4.1, sse4.2, popcnt, avx, aes, ht, tsc, tscinvbit

Memory: 4k page, physical 6197124k(1022904k free), swap 7626628k(6848k free)

vm_info: Java HotSpot(TM) 64-Bit Server VM (24.79-b02) for windows-amd64 JRE (1.7.0_79-b15), built on Apr 10 2015 12:36:16 by "java_re" with unknown MS VC++:1600

time: Fri Mar 18 19:32:41 2016
elapsed time: 3 seconds

